#
# A fatal error has been detected by the Java Runtime Environment:
#
#  EXCEPTION_ACCESS_VIOLATION (0xc0000005) at pc=0x0000024d96d4def3, pid=5164, tid=7188
#
# JRE version: Java(TM) SE Runtime Environment (12.0.2+10) (build 12.0.2+10)
# Java VM: Java HotSpot(TM) 64-Bit Server VM (12.0.2+10, mixed mode, sharing, tiered, compressed oops, g1 gc, windows-amd64)
# Problematic frame:
# j  jdk.internal.reflect.AccessorGenerator.emitConstructor()V+24 java.base@12.0.2
#
# No core dump will be written. Minidumps are not enabled by default on client versions of Windows
#
# If you would like to submit a bug report, please visit:
#   http://bugreport.java.com/bugreport/crash.jsp
#

---------------  S U M M A R Y ------------

Command Line: -XX:TieredStopAtLevel=1 -Xverify:none -Dspring.output.ansi.enabled=always -Dcom.sun.management.jmxremote -Dspring.jmx.enabled=true -Dspring.liveBeansView.mbeanDomain -Dspring.application.admin.enabled=true -javaagent:C:\Program Files\JetBrains\IntelliJ IDEA 2019.2.4\lib\idea_rt.jar=57674:C:\Program Files\JetBrains\IntelliJ IDEA 2019.2.4\bin -Dfile.encoding=UTF-8 com.example.pet_shop.PetShopApplication

Host: AMD Ryzen 5 3600 6-Core Processor              , 12 cores, 15G,  Windows 10 , 64 bit Build 17763 (10.0.17763.475)
Time: Mon Dec  2 14:53:02 2019 RTZ 2 (ceia) elapsed time: 6702 seconds (0d 1h 51m 42s)

---------------  T H R E A D  ---------------

Current thread (0x0000024db706a000):  JavaThread "http-nio-8080-exec-10" daemon [_thread_in_Java, id=7188, stack(0x00000074dfa00000,0x00000074dfb00000)]

Stack: [0x00000074dfa00000,0x00000074dfb00000],  sp=0x00000074dfafb998,  free space=1006k
Native frames: (J=compiled Java code, j=interpreted, Vv=VM code, C=native code)
C  0x0000024d96d4def3


siginfo: EXCEPTION_ACCESS_VIOLATION (0xc0000005), reading address 0x00000468011d9298


Register to memory mapping:

RIP=0x0000024d96d4def3 is at code_begin+947 in an Interpreter codelet
invokevirtual  182 invokevirtual  [0x0000024d96d4db40, 0x0000024d96d4e080]  1344 bytes
RAX=0x00000008011d8fd0 is a pointer to class: 
jdk.internal.reflect.ClassFileAssembler {0x00000008011d8fd8}
RBX=0x0000008c0000001e is an unknown value
RCX=0x0000000704d57d48 is an oop: jdk.internal.reflect.ClassFileAssembler 
{0x0000000704d57d48} - klass: 'jdk/internal/reflect/ClassFileAssembler'
RDX=0x0000000090000004 is an unknown value
RSP=0x00000074dfafb998 is pointing into the stack for thread: 0x0000024db706a000
RBP=0x00000074dfafba08 is pointing into the stack for thread: 0x0000024db706a000
RSI=0x0000000000000001 is an unknown value
RDI=0x0 is NULL
R8 =0x000000000000002a is an unknown value
R9 =0x0000000704d57d68 is an oop: jdk.internal.reflect.ByteVectorImpl 
{0x0000000704d57d68} - klass: 'jdk/internal/reflect/ByteVectorImpl'
R10=0x00007fff13cb1bc0 jvm.dll
R11=0x0000024d977f7180 is at entry_point+64 in (nmethod*)0x0000024d977f6f90
R12=0x0 is NULL
R13=0x0000024db29fd8c8 is pointing into metadata
R14=0x0 is NULL
R15=0x0000024db706a000 is a thread


Registers:
RAX=0x00000008011d8fd0, RBX=0x0000008c0000001e, RCX=0x0000000704d57d48, RDX=0x0000000090000004
RSP=0x00000074dfafb998, RBP=0x00000074dfafba08, RSI=0x0000000000000001, RDI=0x0000000000000000
R8 =0x000000000000002a, R9 =0x0000000704d57d68, R10=0x00007fff13cb1bc0, R11=0x0000024d977f7180
R12=0x0000000000000000, R13=0x0000024db29fd8c8, R14=0x0000000000000000, R15=0x0000024db706a000
RIP=0x0000024d96d4def3, EFLAGS=0x0000000000010246

Top of Stack: (sp=0x00000074dfafb998)
0x00000074dfafb998:   0000024d96d39e73 0000000000000000
0x00000074dfafb9a8:   0000000000000000 0000000000000022
0x00000074dfafb9b8:   0000000704d57d48 00000074dfafb9c0
0x00000074dfafb9c8:   0000024db29fd8c8 00000074dfafba20
0x00000074dfafb9d8:   0000024db29fe5f0 0000000000000000
0x00000074dfafb9e8:   0000000700f6d9a0 0000024db29fd908
0x00000074dfafb9f8:   0000000000000000 00000074dfafba20
0x00000074dfafba08:   00000074dfafba70 0000024d96d39e73
0x00000074dfafba18:   0000000704d57d48 0000000704d56648
0x00000074dfafba28:   00000074dfafba28 0000024db29f9ae7
0x00000074dfafba38:   00000074dfafbb00 0000024db29ff398
0x00000074dfafba48:   0000000000000000 0000000700f6da28
0x00000074dfafba58:   0000024db29f9c58 00000074dfafba20
0x00000074dfafba68:   00000074dfafbb10 00000074dfafbd40
0x00000074dfafba78:   0000024d976adc1c 0000000000000000
0x00000074dfafba88:   0000000000000000 0000000000000000 

Instructions: (pc=0x0000024d96d4def3)
0x0000024d96d4ddf3:   81 78 08 01 00 00 00 74 17 4c 33 68 08 49 f7 c5
0x0000024d96d4de03:   fc ff ff ff 74 0e 48 81 48 08 02 00 00 00 eb 04
0x0000024d96d4de13:   4c 89 68 08 48 83 c0 10 4c 8b 68 d8 41 83 ed 04
0x0000024d96d4de23:   41 c1 e5 03 49 03 c5 48 89 45 d8 4c 8d 6c 24 08
0x0000024d96d4de33:   4c 89 6d f0 ff 63 48 8b 41 08 48 c1 e0 03 49 bc
0x0000024d96d4de43:   00 00 00 00 08 00 00 00 49 03 c4 4d 33 e4 4c 8b
0x0000024d96d4de53:   75 d8 4d 85 f6 0f 84 95 00 00 00 49 8b 56 18 48
0x0000024d96d4de63:   3b d0 0f 85 0f 00 00 00 49 83 46 20 01 49 83 5e
0x0000024d96d4de73:   20 00 e9 71 00 00 00 48 85 d2 0f 84 42 00 00 00
0x0000024d96d4de83:   49 8b 56 28 48 3b d0 0f 85 0f 00 00 00 49 83 46
0x0000024d96d4de93:   30 01 49 83 5e 30 00 e9 4c 00 00 00 48 85 d2 74
0x0000024d96d4dea3:   0f 49 83 46 08 01 49 83 5e 08 00 e9 38 00 00 00
0x0000024d96d4deb3:   49 89 46 28 ba 01 00 00 00 49 89 56 30 e9 26 00
0x0000024d96d4dec3:   00 00 49 3b 46 28 0f 85 0f 00 00 00 49 83 46 30
0x0000024d96d4ded3:   01 49 83 5e 30 00 e9 0d 00 00 00 49 89 46 18 ba
0x0000024d96d4dee3:   01 00 00 00 49 89 56 20 49 83 c6 38 4c 89 75 d8
0x0000024d96d4def3:   48 8b 9c d8 d8 01 00 00 48 8b 55 d8 48 85 d2 0f
0x0000024d96d4df03:   84 4f 01 00 00 80 7a c8 0b 0f 85 45 01 00 00 48
0x0000024d96d4df13:   83 c2 08 4c 8b 6a f8 41 83 ed 00 41 83 fd 02 0f
0x0000024d96d4df23:   8c 24 01 00 00 4c 8b 6b 08 45 0f b7 6d 34 4c 2b
0x0000024d96d4df33:   2a 41 83 ed 01 4e 8b 6c ec 08 4d 85 ed 75 0a 48
0x0000024d96d4df43:   81 4a 08 01 00 00 00 eb 5d 45 8b 6d 08 49 c1 e5
0x0000024d96d4df53:   03 49 bc 00 00 00 00 08 00 00 00 4d 03 ec 4d 33
0x0000024d96d4df63:   e4 4c 33 6a 08 49 f7 c5 fc ff ff ff 74 38 49 f7
0x0000024d96d4df73:   c5 02 00 00 00 75 2f 48 81 7a 08 00 00 00 00 74
0x0000024d96d4df83:   21 48 81 7a 08 01 00 00 00 74 17 4c 33 6a 08 49
0x0000024d96d4df93:   f7 c5 fc ff ff ff 74 0e 48 81 4a 08 02 00 00 00
0x0000024d96d4dfa3:   eb 04 4c 89 6a 08 48 83 c2 10 4c 8b 6a e8 41 83
0x0000024d96d4dfb3:   ed 02 41 83 fd 02 0f 8c 8d 00 00 00 4c 8b 6b 08
0x0000024d96d4dfc3:   45 0f b7 6d 34 4c 2b 2a 41 83 ed 01 4e 8b 6c ec
0x0000024d96d4dfd3:   08 4d 85 ed 75 0a 48 81 4a 08 01 00 00 00 eb 5d
0x0000024d96d4dfe3:   45 8b 6d 08 49 c1 e5 03 49 bc 00 00 00 00 08 00 


Stack slot to memory mapping:
stack at sp + 0 slots: 0x0000024d96d39e73 is at code_begin+2355 in an Interpreter codelet
invoke return entry points  [0x0000024d96d39540, 0x0000024d96d39f60]  2592 bytes
stack at sp + 1 slots: 0x0 is NULL
stack at sp + 2 slots: 0x0 is NULL
stack at sp + 3 slots: 0x0000000000000022 is an unknown value
stack at sp + 4 slots: 0x0000000704d57d48 is an oop: jdk.internal.reflect.ClassFileAssembler 
{0x0000000704d57d48} - klass: 'jdk/internal/reflect/ClassFileAssembler'
stack at sp + 5 slots: 0x00000074dfafb9c0 is pointing into the stack for thread: 0x0000024db706a000
stack at sp + 6 slots: 0x0000024db29fd8c8 is pointing into metadata
stack at sp + 7 slots: 0x00000074dfafba20 is pointing into the stack for thread: 0x0000024db706a000

invokevirtual  182 invokevirtual  [0x0000024d96d4db40, 0x0000024d96d4e080]  1344 bytes

---------------  P R O C E S S  ---------------

Threads class SMR info:
_java_thread_list=0x0000024db4ff7ed0, length=30, elements={
0x0000024db27c5800, 0x0000024db27c7000, 0x0000024db3062800, 0x0000024db3063800,
0x0000024db3067000, 0x0000024db306d800, 0x0000024db3050800, 0x0000024db3553000,
0x0000024db3555800, 0x0000024db364b000, 0x0000024db4a59800, 0x0000024db4c31800,
0x0000024db4c53800, 0x0000024db4c54000, 0x0000024db4dd7800, 0x0000024db6ffb800,
0x0000024db6fff800, 0x0000024db6ffc800, 0x0000024db6ffa000, 0x0000024db7000800,
0x0000024db6ffd000, 0x0000024db6ffe000, 0x0000024db6fff000, 0x0000024db6ffa800,
0x0000024db7069800, 0x0000024db706a000, 0x0000024db7068800, 0x0000024db7066000,
0x0000024db706b000, 0x0000024db7067800
}

Java Threads: ( => current thread )
  0x0000024db27c5800 JavaThread "Reference Handler" daemon [_thread_blocked, id=12012, stack(0x00000074dd300000,0x00000074dd400000)]
  0x0000024db27c7000 JavaThread "Finalizer" daemon [_thread_blocked, id=7436, stack(0x00000074dd400000,0x00000074dd500000)]
  0x0000024db3062800 JavaThread "Signal Dispatcher" daemon [_thread_blocked, id=11708, stack(0x00000074dd500000,0x00000074dd600000)]
  0x0000024db3063800 JavaThread "Attach Listener" daemon [_thread_blocked, id=11864, stack(0x00000074dd600000,0x00000074dd700000)]
  0x0000024db3067000 JavaThread "C1 CompilerThread0" daemon [_thread_blocked, id=4944, stack(0x00000074dd700000,0x00000074dd800000)]
  0x0000024db306d800 JavaThread "Sweeper thread" daemon [_thread_blocked, id=1496, stack(0x00000074dd800000,0x00000074dd900000)]
  0x0000024db3050800 JavaThread "Common-Cleaner" daemon [_thread_blocked, id=11432, stack(0x00000074dd900000,0x00000074dda00000)]
  0x0000024db3553000 JavaThread "Monitor Ctrl-Break" daemon [_thread_in_native, id=7108, stack(0x00000074dda00000,0x00000074ddb00000)]
  0x0000024db3555800 JavaThread "Service Thread" daemon [_thread_blocked, id=5772, stack(0x00000074ddb00000,0x00000074ddc00000)]
  0x0000024db364b000 JavaThread "RMI TCP Accept-0" daemon [_thread_in_native, id=10960, stack(0x00000074ddc00000,0x00000074ddd00000)]
  0x0000024db4a59800 JavaThread "RMI Scheduler(0)" daemon [_thread_blocked, id=12764, stack(0x00000074de600000,0x00000074de700000)]
  0x0000024db4c31800 JavaThread "Catalina-utility-1" [_thread_blocked, id=404, stack(0x00000074de700000,0x00000074de800000)]
  0x0000024db4c53800 JavaThread "Catalina-utility-2" [_thread_blocked, id=4732, stack(0x00000074de800000,0x00000074de900000)]
  0x0000024db4c54000 JavaThread "container-0" [_thread_blocked, id=7780, stack(0x00000074de900000,0x00000074dea00000)]
  0x0000024db4dd7800 JavaThread "HikariPool-1 housekeeper" daemon [_thread_blocked, id=12296, stack(0x00000074dec00000,0x00000074ded00000)]
  0x0000024db6ffb800 JavaThread "http-nio-8080-BlockPoller" daemon [_thread_in_native, id=5752, stack(0x00000074df000000,0x00000074df100000)]
  0x0000024db6fff800 JavaThread "http-nio-8080-exec-1" daemon [_thread_blocked, id=784, stack(0x00000074df100000,0x00000074df200000)]
  0x0000024db6ffc800 JavaThread "http-nio-8080-exec-2" daemon [_thread_blocked, id=13260, stack(0x00000074df200000,0x00000074df300000)]
  0x0000024db6ffa000 JavaThread "http-nio-8080-exec-3" daemon [_thread_blocked, id=8596, stack(0x00000074df300000,0x00000074df400000)]
  0x0000024db7000800 JavaThread "http-nio-8080-exec-4" daemon [_thread_blocked, id=1280, stack(0x00000074df400000,0x00000074df500000)]
  0x0000024db6ffd000 JavaThread "http-nio-8080-exec-5" daemon [_thread_blocked, id=6208, stack(0x00000074df500000,0x00000074df600000)]
  0x0000024db6ffe000 JavaThread "http-nio-8080-exec-6" daemon [_thread_blocked, id=1876, stack(0x00000074df600000,0x00000074df700000)]
  0x0000024db6fff000 JavaThread "http-nio-8080-exec-7" daemon [_thread_blocked, id=12768, stack(0x00000074df700000,0x00000074df800000)]
  0x0000024db6ffa800 JavaThread "http-nio-8080-exec-8" daemon [_thread_blocked, id=1440, stack(0x00000074df800000,0x00000074df900000)]
  0x0000024db7069800 JavaThread "http-nio-8080-exec-9" daemon [_thread_blocked, id=824, stack(0x00000074df900000,0x00000074dfa00000)]
=>0x0000024db706a000 JavaThread "http-nio-8080-exec-10" daemon [_thread_in_Java, id=7188, stack(0x00000074dfa00000,0x00000074dfb00000)]
  0x0000024db7068800 JavaThread "http-nio-8080-ClientPoller" daemon [_thread_in_native, id=7184, stack(0x00000074dfb00000,0x00000074dfc00000)]
  0x0000024db7066000 JavaThread "http-nio-8080-Acceptor" daemon [_thread_in_native, id=10236, stack(0x00000074dfc00000,0x00000074dfd00000)]
  0x0000024db706b000 JavaThread "DestroyJavaVM" [_thread_blocked, id=5544, stack(0x00000074dcc00000,0x00000074dcd00000)]
  0x0000024db7067800 JavaThread "PostgreSQL-JDBC-SharedTimer-3" daemon [_thread_blocked, id=11844, stack(0x00000074dc900000,0x00000074dca00000)]

Other Threads:
  0x0000024db27c1000 VMThread "VM Thread" [stack: 0x00000074dd200000,0x00000074dd300000] [id=7380]
  0x0000024db36de000 WatcherThread [stack: 0x00000074ddd00000,0x00000074dde00000] [id=9540]
  0x0000024d8e99f000 GCTaskThread "GC Thread#0" [stack: 0x00000074dcd00000,0x00000074dce00000] [id=13388]
  0x0000024db3adb800 GCTaskThread "GC Thread#1" [stack: 0x00000074ddf00000,0x00000074de000000] [id=14236]
  0x0000024db3adc800 GCTaskThread "GC Thread#2" [stack: 0x00000074de000000,0x00000074de100000] [id=3372]
  0x0000024db3af6800 GCTaskThread "GC Thread#3" [stack: 0x00000074de100000,0x00000074de200000] [id=11028]
  0x0000024db3af7000 GCTaskThread "GC Thread#4" [stack: 0x00000074de200000,0x00000074de300000] [id=2464]
  0x0000024db3b12000 GCTaskThread "GC Thread#5" [stack: 0x00000074de300000,0x00000074de400000] [id=14124]
  0x0000024db4e9c800 GCTaskThread "GC Thread#6" [stack: 0x00000074ded00000,0x00000074dee00000] [id=1476]
  0x0000024db4c57000 GCTaskThread "GC Thread#7" [stack: 0x00000074dee00000,0x00000074def00000] [id=11316]
  0x0000024d8e9bb000 ConcurrentGCThread "G1 Main Marker" [stack: 0x00000074dce00000,0x00000074dcf00000] [id=3200]
  0x0000024d8e9be000 ConcurrentGCThread "G1 Conc#0" [stack: 0x00000074dcf00000,0x00000074dd000000] [id=5700]
  0x0000024db49ab000 ConcurrentGCThread "G1 Conc#1" [stack: 0x00000074dde00000,0x00000074ddf00000] [id=3328]
  0x0000024db49ab800 ConcurrentGCThread "G1 Conc#2" [stack: 0x00000074de400000,0x00000074de500000] [id=13432]
  0x0000024db26b7000 ConcurrentGCThread "G1 Refine#0" [stack: 0x00000074dd000000,0x00000074dd100000] [id=3496]
  0x0000024db26b8000 ConcurrentGCThread "G1 Young RemSet Sampling" [stack: 0x00000074dd100000,0x00000074dd200000] [id=3476]

Threads with active compile tasks:

VM state:not at safepoint (normal execution)

VM Mutex/Monitor currently owned by a thread: None

Heap address: 0x0000000700c00000, size: 4084 MB, Compressed Oops mode: Zero based, Oop shift amount: 3
Narrow klass base: 0x0000000800000000, Narrow klass shift: 3
Compressed class space size: 1073741824 Address: 0x0000000801190000

Heap:
 garbage-first heap   total 78848K, used 36298K [0x0000000700c00000, 0x0000000800000000)
  region size 1024K, 17 young (17408K), 5 survivors (5120K)
 Metaspace       used 51528K, capacity 53133K, committed 53276K, reserved 1095680K
  class space    used 7132K, capacity 7737K, committed 7788K, reserved 1048576K
Heap Regions: E=young(eden), S=young(survivor), O=old, HS=humongous(starts), HC=humongous(continues), CS=collection set, F=free, A=archive, TAMS=top-at-mark-start (previous, next)
|   0|0x0000000700c00000, 0x0000000700d00000, 0x0000000700d00000|100%|HS|  |TAMS 0x0000000700d00000, 0x0000000700c00000| Complete 
|   1|0x0000000700d00000, 0x0000000700e00000, 0x0000000700e00000|100%| O|  |TAMS 0x0000000700e00000, 0x0000000700d00000| Untracked 
|   2|0x0000000700e00000, 0x0000000700f00000, 0x0000000700f00000|100%| O|  |TAMS 0x0000000700f00000, 0x0000000700e00000| Untracked 
|   3|0x0000000700f00000, 0x0000000701000000, 0x0000000701000000|100%| O|  |TAMS 0x0000000701000000, 0x0000000700f00000| Untracked 
|   4|0x0000000701000000, 0x0000000701100000, 0x0000000701100000|100%| O|  |TAMS 0x0000000701100000, 0x0000000701000000| Untracked 
|   5|0x0000000701100000, 0x0000000701200000, 0x0000000701200000|100%| O|  |TAMS 0x0000000701200000, 0x0000000701100000| Untracked 
|   6|0x0000000701200000, 0x00000007012b2400, 0x0000000701300000| 69%| O|  |TAMS 0x00000007012b2400, 0x0000000701200000| Untracked 
|   7|0x0000000701300000, 0x0000000701400000, 0x0000000701400000|100%| O|  |TAMS 0x0000000701400000, 0x0000000701300000| Untracked 
|   8|0x0000000701400000, 0x0000000701500000, 0x0000000701500000|100%| O|  |TAMS 0x0000000701500000, 0x0000000701400000| Untracked 
|   9|0x0000000701500000, 0x0000000701600000, 0x0000000701600000|100%| O|  |TAMS 0x0000000701532400, 0x0000000701500000| Untracked 
|  10|0x0000000701600000, 0x00000007016c7a00, 0x0000000701700000| 77%| O|  |TAMS 0x0000000701600000, 0x0000000701600000| Untracked 
|  11|0x0000000701700000, 0x0000000701800000, 0x0000000701800000|100%| O|  |TAMS 0x0000000701700000, 0x0000000701700000| Untracked 
|  12|0x0000000701800000, 0x0000000701900000, 0x0000000701900000|100%| O|  |TAMS 0x0000000701800000, 0x0000000701800000| Untracked 
|  13|0x0000000701900000, 0x0000000701a00000, 0x0000000701a00000|100%| O|  |TAMS 0x0000000701900000, 0x0000000701900000| Untracked 
|  14|0x0000000701a00000, 0x0000000701b00000, 0x0000000701b00000|100%| O|  |TAMS 0x0000000701a00000, 0x0000000701a00000| Untracked 
|  15|0x0000000701b00000, 0x0000000701c00000, 0x0000000701c00000|100%| O|  |TAMS 0x0000000701b00000, 0x0000000701b00000| Untracked 
|  16|0x0000000701c00000, 0x0000000701d00000, 0x0000000701d00000|100%| O|  |TAMS 0x0000000701c00000, 0x0000000701c00000| Untracked 
|  17|0x0000000701d00000, 0x0000000701e00000, 0x0000000701e00000|100%| O|  |TAMS 0x0000000701d00000, 0x0000000701d00000| Untracked 
|  18|0x0000000701e00000, 0x0000000701f00000, 0x0000000701f00000|100%| O|  |TAMS 0x0000000701e00000, 0x0000000701e00000| Untracked 
|  19|0x0000000701f00000, 0x0000000702000000, 0x0000000702000000|100%| O|  |TAMS 0x0000000701f00000, 0x0000000701f00000| Untracked 
|  20|0x0000000702000000, 0x00000007020c7000, 0x0000000702100000| 77%| O|  |TAMS 0x0000000702000000, 0x0000000702000000| Untracked 
|  21|0x0000000702100000, 0x0000000702100000, 0x0000000702200000|  0%| F|  |TAMS 0x0000000702100000, 0x0000000702100000| Untracked 
|  22|0x0000000702200000, 0x0000000702200000, 0x0000000702300000|  0%| F|  |TAMS 0x0000000702200000, 0x0000000702200000| Untracked 
|  23|0x0000000702300000, 0x0000000702300000, 0x0000000702400000|  0%| F|  |TAMS 0x0000000702300000, 0x0000000702300000| Untracked 
|  24|0x0000000702400000, 0x0000000702400000, 0x0000000702500000|  0%| F|  |TAMS 0x0000000702400000, 0x0000000702400000| Untracked 
|  25|0x0000000702500000, 0x0000000702500000, 0x0000000702600000|  0%| F|  |TAMS 0x0000000702500000, 0x0000000702500000| Untracked 
|  26|0x0000000702600000, 0x0000000702600000, 0x0000000702700000|  0%| F|  |TAMS 0x0000000702600000, 0x0000000702600000| Untracked 
|  27|0x0000000702700000, 0x0000000702700000, 0x0000000702800000|  0%| F|  |TAMS 0x0000000702700000, 0x0000000702700000| Untracked 
|  28|0x0000000702800000, 0x0000000702800000, 0x0000000702900000|  0%| F|  |TAMS 0x0000000702800000, 0x0000000702800000| Untracked 
|  29|0x0000000702900000, 0x0000000702900000, 0x0000000702a00000|  0%| F|  |TAMS 0x0000000702900000, 0x0000000702900000| Untracked 
|  30|0x0000000702a00000, 0x0000000702a31c60, 0x0000000702b00000| 19%| S|CS|TAMS 0x0000000702a00000, 0x0000000702a00000| Complete 
|  31|0x0000000702b00000, 0x0000000702c00000, 0x0000000702c00000|100%| S|CS|TAMS 0x0000000702b00000, 0x0000000702b00000| Complete 
|  32|0x0000000702c00000, 0x0000000702d00000, 0x0000000702d00000|100%| S|CS|TAMS 0x0000000702c00000, 0x0000000702c00000| Complete 
|  33|0x0000000702d00000, 0x0000000702e00000, 0x0000000702e00000|100%| S|CS|TAMS 0x0000000702d00000, 0x0000000702d00000| Complete 
|  34|0x0000000702e00000, 0x0000000702e00000, 0x0000000702f00000|  0%| F|  |TAMS 0x0000000702e00000, 0x0000000702e00000| Untracked 
|  35|0x0000000702f00000, 0x0000000702f00000, 0x0000000703000000|  0%| F|  |TAMS 0x0000000702f00000, 0x0000000702f00000| Untracked 
|  36|0x0000000703000000, 0x0000000703000000, 0x0000000703100000|  0%| F|  |TAMS 0x0000000703000000, 0x0000000703000000| Untracked 
|  37|0x0000000703100000, 0x0000000703100000, 0x0000000703200000|  0%| F|  |TAMS 0x0000000703100000, 0x0000000703100000| Untracked 
|  38|0x0000000703200000, 0x0000000703200000, 0x0000000703300000|  0%| F|  |TAMS 0x0000000703200000, 0x0000000703200000| Untracked 
|  39|0x0000000703300000, 0x0000000703400000, 0x0000000703400000|100%| S|CS|TAMS 0x0000000703300000, 0x0000000703300000| Complete 
|  40|0x0000000703400000, 0x0000000703400000, 0x0000000703500000|  0%| F|  |TAMS 0x0000000703400000, 0x0000000703400000| Untracked 
|  41|0x0000000703500000, 0x0000000703500000, 0x0000000703600000|  0%| F|  |TAMS 0x0000000703500000, 0x0000000703500000| Untracked 
|  42|0x0000000703600000, 0x0000000703600000, 0x0000000703700000|  0%| F|  |TAMS 0x0000000703600000, 0x0000000703600000| Untracked 
|  43|0x0000000703700000, 0x0000000703700000, 0x0000000703800000|  0%| F|  |TAMS 0x0000000703700000, 0x0000000703700000| Untracked 
|  44|0x0000000703800000, 0x0000000703800000, 0x0000000703900000|  0%| F|  |TAMS 0x0000000703800000, 0x0000000703800000| Untracked 
|  45|0x0000000703900000, 0x0000000703900000, 0x0000000703a00000|  0%| F|  |TAMS 0x0000000703900000, 0x0000000703900000| Untracked 
|  46|0x0000000703a00000, 0x0000000703a00000, 0x0000000703b00000|  0%| F|  |TAMS 0x0000000703a00000, 0x0000000703a00000| Untracked 
|  47|0x0000000703b00000, 0x0000000703b00000, 0x0000000703c00000|  0%| F|  |TAMS 0x0000000703b00000, 0x0000000703b00000| Untracked 
|  48|0x0000000703c00000, 0x0000000703c00000, 0x0000000703d00000|  0%| F|  |TAMS 0x0000000703c00000, 0x0000000703c00000| Untracked 
|  49|0x0000000703d00000, 0x0000000703d00000, 0x0000000703e00000|  0%| F|  |TAMS 0x0000000703d00000, 0x0000000703d00000| Untracked 
|  50|0x0000000703e00000, 0x0000000703e00000, 0x0000000703f00000|  0%| F|  |TAMS 0x0000000703e00000, 0x0000000703e00000| Untracked 
|  51|0x0000000703f00000, 0x0000000703f00000, 0x0000000704000000|  0%| F|  |TAMS 0x0000000703f00000, 0x0000000703f00000| Untracked 
|  52|0x0000000704000000, 0x0000000704000000, 0x0000000704100000|  0%| F|  |TAMS 0x0000000704000000, 0x0000000704000000| Untracked 
|  53|0x0000000704100000, 0x0000000704100000, 0x0000000704200000|  0%| F|  |TAMS 0x0000000704100000, 0x0000000704100000| Untracked 
|  54|0x0000000704200000, 0x0000000704200000, 0x0000000704300000|  0%| F|  |TAMS 0x0000000704200000, 0x0000000704200000| Untracked 
|  55|0x0000000704300000, 0x0000000704300000, 0x0000000704400000|  0%| F|  |TAMS 0x0000000704300000, 0x0000000704300000| Untracked 
|  56|0x0000000704400000, 0x0000000704400000, 0x0000000704500000|  0%| F|  |TAMS 0x0000000704400000, 0x0000000704400000| Untracked 
|  57|0x0000000704500000, 0x0000000704500000, 0x0000000704600000|  0%| F|  |TAMS 0x0000000704500000, 0x0000000704500000| Untracked 
|  58|0x0000000704600000, 0x0000000704600000, 0x0000000704700000|  0%| F|  |TAMS 0x0000000704600000, 0x0000000704600000| Untracked 
|  59|0x0000000704700000, 0x0000000704700000, 0x0000000704800000|  0%| F|  |TAMS 0x0000000704700000, 0x0000000704700000| Untracked 
|  60|0x0000000704800000, 0x0000000704800000, 0x0000000704900000|  0%| F|  |TAMS 0x0000000704800000, 0x0000000704800000| Untracked 
|  61|0x0000000704900000, 0x0000000704900000, 0x0000000704a00000|  0%| F|  |TAMS 0x0000000704900000, 0x0000000704900000| Untracked 
|  62|0x0000000704a00000, 0x0000000704a00000, 0x0000000704b00000|  0%| F|  |TAMS 0x0000000704a00000, 0x0000000704a00000| Untracked 
|  63|0x0000000704b00000, 0x0000000704b00000, 0x0000000704c00000|  0%| F|  |TAMS 0x0000000704b00000, 0x0000000704b00000| Untracked 
|  64|0x0000000704c00000, 0x0000000704c00000, 0x0000000704d00000|  0%| F|  |TAMS 0x0000000704c00000, 0x0000000704c00000| Untracked 
|  65|0x0000000704d00000, 0x0000000704d5bea8, 0x0000000704e00000| 35%| E|  |TAMS 0x0000000704d00000, 0x0000000704d00000| Complete 
|  66|0x0000000704e00000, 0x0000000704f00000, 0x0000000704f00000|100%| E|CS|TAMS 0x0000000704e00000, 0x0000000704e00000| Complete 
|  67|0x0000000704f00000, 0x0000000705000000, 0x0000000705000000|100%| E|CS|TAMS 0x0000000704f00000, 0x0000000704f00000| Complete 
|  68|0x0000000705000000, 0x0000000705100000, 0x0000000705100000|100%| E|CS|TAMS 0x0000000705000000, 0x0000000705000000| Complete 
| 137|0x0000000709500000, 0x0000000709600000, 0x0000000709600000|100%| E|CS|TAMS 0x0000000709500000, 0x0000000709500000| Complete 
| 138|0x0000000709600000, 0x0000000709700000, 0x0000000709700000|100%| E|CS|TAMS 0x0000000709600000, 0x0000000709600000| Complete 
| 139|0x0000000709700000, 0x0000000709800000, 0x0000000709800000|100%| E|CS|TAMS 0x0000000709700000, 0x0000000709700000| Complete 
| 140|0x0000000709800000, 0x0000000709900000, 0x0000000709900000|100%| E|CS|TAMS 0x0000000709800000, 0x0000000709800000| Complete 
| 141|0x0000000709900000, 0x0000000709a00000, 0x0000000709a00000|100%| E|CS|TAMS 0x0000000709900000, 0x0000000709900000| Complete 
| 142|0x0000000709a00000, 0x0000000709b00000, 0x0000000709b00000|100%| E|CS|TAMS 0x0000000709a00000, 0x0000000709a00000| Complete 
| 143|0x0000000709b00000, 0x0000000709c00000, 0x0000000709c00000|100%| E|CS|TAMS 0x0000000709b00000, 0x0000000709b00000| Complete 
| 255|0x0000000710b00000, 0x0000000710c00000, 0x0000000710c00000|100%| E|CS|TAMS 0x0000000710b00000, 0x0000000710b00000| Complete 

Card table byte_map: [0x0000024da6a80000,0x0000024da7280000] _byte_map_base: 0x0000024da327a000

Marking Bits (Prev, Next): (CMBitMap*) 0x0000024d8e9a2178, (CMBitMap*) 0x0000024d8e9a21b8
 Prev Bits: [0x0000024da7a80000, 0x0000024daba50000)
 Next Bits: [0x0000024daba50000, 0x0000024dafa20000)

Polling page: 0x0000024d8cab0000

Metaspace:

Usage:
  Non-class:     44.33 MB capacity,    43.36 MB ( 98%) used,   811.04 KB (  2%) free+waste,   189.19 KB ( <1%) overhead. 
      Class:      7.56 MB capacity,     6.97 MB ( 92%) used,   511.62 KB (  7%) free+waste,    92.63 KB (  1%) overhead. 
       Both:     51.89 MB capacity,    50.32 MB ( 97%) used,     1.29 MB (  2%) free+waste,   281.81 KB ( <1%) overhead. 

Virtual space:
  Non-class space:       46.00 MB reserved,      44.42 MB ( 97%) committed 
      Class space:        1.00 GB reserved,       7.61 MB ( <1%) committed 
             Both:        1.04 GB reserved,      52.03 MB (  5%) committed 

Chunk freelists:
   Non-Class:  3.50 KB
       Class:  896 bytes
        Both:  4.38 KB

CodeHeap 'non-profiled nmethods': size=238336Kb used=9553Kb max_used=9553Kb free=228783Kb
 bounds [0x0000024d97470000, 0x0000024d97dd0000, 0x0000024da5d30000]
CodeHeap 'non-nmethods': size=7424Kb used=1248Kb max_used=1248Kb free=6175Kb
 bounds [0x0000024d96d30000, 0x0000024d96fa0000, 0x0000024d97470000]
 total_blobs=6393 nmethods=5751 adapters=530
 compilation: enabled
              stopped_count=0, restarted_count=0
 full_count=0

Compilation events (10 events):
Event: 6702.128 Thread 0x0000024db3067000 nmethod 5765 0x0000024d97dc2310 code [0x0000024d97dc24c0, 0x0000024d97dc25f8]
Event: 6702.128 Thread 0x0000024db3067000 5766       1       org.hibernate.persister.entity.AbstractEntityPersister::getEntityEntryFactory (5 bytes)
Event: 6702.128 Thread 0x0000024db3067000 nmethod 5766 0x0000024d97dc2690 code [0x0000024d97dc2840, 0x0000024d97dc2978]
Event: 6702.128 Thread 0x0000024db3067000 5767       1       org.hibernate.engine.internal.AbstractEntityEntry$BooleanState::getUnsetMask (5 bytes)
Event: 6702.128 Thread 0x0000024db3067000 nmethod 5767 0x0000024d97dc2a10 code [0x0000024d97dc2bc0, 0x0000024d97dc2cf8]
Event: 6702.128 Thread 0x0000024db3067000 5768       1       org.hibernate.engine.internal.AbstractEntityEntry$BooleanState::getOffset (5 bytes)
Event: 6702.128 Thread 0x0000024db3067000 nmethod 5768 0x0000024d97dc2d90 code [0x0000024d97dc2f40, 0x0000024d97dc3078]
Event: 6702.128 Thread 0x0000024db3067000 5769       1       org.hibernate.engine.internal.AbstractEntityEntry::setCompressedValue (33 bytes)
Event: 6702.128 Thread 0x0000024db3067000 nmethod 5769 0x0000024d97dc3110 code [0x0000024d97dc32c0, 0x0000024d97dc3438]
Event: 6702.128 Thread 0x0000024db3067000 5770       1       org.hibernate.engine.internal.AbstractEntityEntry$EnumState::access$000 (5 bytes)

GC Heap History (10 events):
Event: 1.601 GC heap before
{Heap before GC invocations=7 (full 0):
 garbage-first heap   total 157696K, used 25812K [0x0000000700c00000, 0x0000000800000000)
  region size 1024K, 18 young (18432K), 8 survivors (8192K)
 Metaspace       used 34775K, capacity 35856K, committed 35888K, reserved 1079296K
  class space    used 4801K, capacity 5228K, committed 5248K, reserved 1048576K
}
Event: 1.604 GC heap after
{Heap after GC invocations=8 (full 0):
 garbage-first heap   total 157696K, used 17375K [0x0000000700c00000, 0x0000000800000000)
  region size 1024K, 7 young (7168K), 7 survivors (7168K)
 Metaspace       used 34775K, capacity 35856K, committed 35888K, reserved 1079296K
  class space    used 4801K, capacity 5228K, committed 5248K, reserved 1048576K
}
Event: 1.827 GC heap before
{Heap before GC invocations=9 (full 0):
 garbage-first heap   total 65536K, used 49119K [0x0000000700c00000, 0x0000000800000000)
  region size 1024K, 38 young (38912K), 7 survivors (7168K)
 Metaspace       used 39304K, capacity 40439K, committed 40476K, reserved 1083392K
  class space    used 5509K, capacity 5959K, committed 5996K, reserved 1048576K
}
Event: 1.830 GC heap after
{Heap after GC invocations=10 (full 0):
 garbage-first heap   total 65536K, used 18862K [0x0000000700c00000, 0x0000000800000000)
  region size 1024K, 5 young (5120K), 5 survivors (5120K)
 Metaspace       used 39304K, capacity 40439K, committed 40476K, reserved 1083392K
  class space    used 5509K, capacity 5959K, committed 5996K, reserved 1048576K
}
Event: 2.122 GC heap before
{Heap before GC invocations=10 (full 0):
 garbage-first heap   total 65536K, used 50606K [0x0000000700c00000, 0x0000000800000000)
  region size 1024K, 36 young (36864K), 5 survivors (5120K)
 Metaspace       used 43283K, capacity 44640K, committed 44700K, reserved 1087488K
  class space    used 6087K, capacity 6605K, committed 6636K, reserved 1048576K
}
Event: 2.125 GC heap after
{Heap after GC invocations=11 (full 0):
 garbage-first heap   total 78848K, used 20996K [0x0000000700c00000, 0x0000000800000000)
  region size 1024K, 5 young (5120K), 5 survivors (5120K)
 Metaspace       used 43283K, capacity 44640K, committed 44700K, reserved 1087488K
  class space    used 6087K, capacity 6605K, committed 6636K, reserved 1048576K
}
Event: 2.313 GC heap before
{Heap before GC invocations=11 (full 0):
 garbage-first heap   total 78848K, used 59908K [0x0000000700c00000, 0x0000000800000000)
  region size 1024K, 43 young (44032K), 5 survivors (5120K)
 Metaspace       used 45439K, capacity 46933K, committed 47132K, reserved 1089536K
  class space    used 6400K, capacity 6957K, committed 7020K, reserved 1048576K
}
Event: 2.315 GC heap after
{Heap after GC invocations=12 (full 0):
 garbage-first heap   total 78848K, used 22993K [0x0000000700c00000, 0x0000000800000000)
  region size 1024K, 5 young (5120K), 5 survivors (5120K)
 Metaspace       used 45439K, capacity 46933K, committed 47132K, reserved 1089536K
  class space    used 6400K, capacity 6957K, committed 7020K, reserved 1048576K
}
Event: 4.474 GC heap before
{Heap before GC invocations=12 (full 0):
 garbage-first heap   total 78848K, used 59857K [0x0000000700c00000, 0x0000000800000000)
  region size 1024K, 42 young (43008K), 5 survivors (5120K)
 Metaspace       used 51102K, capacity 52757K, committed 53020K, reserved 1095680K
  class space    used 7080K, capacity 7697K, committed 7788K, reserved 1048576K
}
Event: 4.477 GC heap after
{Heap after GC invocations=13 (full 0):
 garbage-first heap   total 78848K, used 25034K [0x0000000700c00000, 0x0000000800000000)
  region size 1024K, 5 young (5120K), 5 survivors (5120K)
 Metaspace       used 51102K, capacity 52757K, committed 53020K, reserved 1095680K
  class space    used 7080K, capacity 7697K, committed 7788K, reserved 1048576K
}

Deoptimization events (0 events):
No events

Classes redefined (0 events):
No events

Internal exceptions (10 events):
Event: 2.247 Thread 0x0000024d8e939000 Exception <a 'java/lang/ClassNotFoundException'{0x0000000703f66850}: org/springframework/boot/autoconfigure/web/servlet/WebMvcAutoConfiguration$EnableWebMvcConfigurationCustomizer> (0x0000000703f66850) thrown at [t:/workspace/open/src/hotspot/share/classf
Event: 2.247 Thread 0x0000024d8e939000 Exception <a 'java/lang/ClassNotFoundException'{0x0000000703f7f3f8}: org/springframework/context/ResourceLoaderAwareCustomizer> (0x0000000703f7f3f8) thrown at [t:/workspace/open/src/hotspot/share/classfile/systemDictionary.cpp, line 235]
Event: 2.247 Thread 0x0000024d8e939000 Exception <a 'java/lang/ClassNotFoundException'{0x0000000703f8b1c0}: org/springframework/beans/factory/AwareCustomizer> (0x0000000703f8b1c0) thrown at [t:/workspace/open/src/hotspot/share/classfile/systemDictionary.cpp, line 235]
Event: 2.247 Thread 0x0000024d8e939000 Exception <a 'java/lang/ClassNotFoundException'{0x0000000703f97468}: org/springframework/context/ApplicationContextAwareCustomizer> (0x0000000703f97468) thrown at [t:/workspace/open/src/hotspot/share/classfile/systemDictionary.cpp, line 235]
Event: 2.247 Thread 0x0000024d8e939000 Exception <a 'java/lang/ClassNotFoundException'{0x0000000703fa3b38}: org/springframework/beans/factory/AwareCustomizer> (0x0000000703fa3b38) thrown at [t:/workspace/open/src/hotspot/share/classfile/systemDictionary.cpp, line 235]
Event: 2.247 Thread 0x0000024d8e939000 Exception <a 'java/lang/ClassNotFoundException'{0x0000000703fafdb8}: org/springframework/web/context/ServletContextAwareCustomizer> (0x0000000703fafdb8) thrown at [t:/workspace/open/src/hotspot/share/classfile/systemDictionary.cpp, line 235]
Event: 2.248 Thread 0x0000024d8e939000 Exception <a 'java/lang/ClassNotFoundException'{0x0000000703fbbf20}: org/springframework/beans/factory/AwareCustomizer> (0x0000000703fbbf20) thrown at [t:/workspace/open/src/hotspot/share/classfile/systemDictionary.cpp, line 235]
Event: 2.322 Thread 0x0000024d8e939000 Exception <a 'java/lang/NoSuchMethodError'{0x0000000710bf7610}: java.lang.invoke.DirectMethodHandle$Holder.invokeVirtual(Ljava/lang/Object;Ljava/lang/Object;I)V> (0x0000000710bf7610) thrown at [t:/workspace/open/src/hotspot/share/interpreter/linkResolver.
Event: 2.365 Thread 0x0000024d8e939000 Exception <a 'java/lang/IncompatibleClassChangeError'{0x0000000709523568}: Found class java.lang.Object, but interface was expected> (0x0000000709523568) thrown at [t:/workspace/open/src/hotspot/share/interpreter/linkResolver.cpp, line 843]
Event: 2.377 Thread 0x0000024d8e939000 Exception <a 'java/lang/NoSuchMethodError'{0x000000070509bce0}: java.lang.invoke.DirectMethodHandle$Holder.invokeStaticInit(Ljava/lang/Object;Ljava/lang/Object;Ljava/lang/Object;Ljava/lang/Object;)I> (0x000000070509bce0) thrown at [t:/workspace/open/src/h

Events (10 events):
Event: 6702.123 Executing VM operation: RevokeBias done
Event: 6702.123 Executing VM operation: RevokeBias
Event: 6702.123 Executing VM operation: RevokeBias done
Event: 6702.123 Thread 0x0000024db7067800 Thread added: 0x0000024db7067800
Event: 6702.123 Executing VM operation: RevokeBias
Event: 6702.123 Executing VM operation: RevokeBias done
Event: 6702.123 Executing VM operation: RevokeBias
Event: 6702.123 Executing VM operation: RevokeBias done
Event: 6702.124 Executing VM operation: RevokeBias
Event: 6702.124 Executing VM operation: RevokeBias done


Dynamic libraries:
0x00007ff75df40000 - 0x00007ff75df4f000 	C:\Program Files\Java\jdk-12.0.2\bin\java.exe
0x00007fff56880000 - 0x00007fff56a6d000 	C:\Windows\SYSTEM32\ntdll.dll
0x00007fff53ae0000 - 0x00007fff53b93000 	C:\Windows\System32\KERNEL32.DLL
0x00007fff52940000 - 0x00007fff52bd3000 	C:\Windows\System32\KERNELBASE.dll
0x00007fff530f0000 - 0x00007fff531ea000 	C:\Windows\System32\ucrtbase.dll
0x00007fff4cfa0000 - 0x00007fff4cfb8000 	C:\Program Files\Java\jdk-12.0.2\bin\jli.dll
0x00007fff46cd0000 - 0x00007fff46ce6000 	C:\Program Files\Java\jdk-12.0.2\bin\VCRUNTIME140.dll
0x00007fff55f10000 - 0x00007fff55fb3000 	C:\Windows\System32\ADVAPI32.dll
0x00007fff56430000 - 0x00007fff564ce000 	C:\Windows\System32\msvcrt.dll
0x00007fff56670000 - 0x00007fff5670e000 	C:\Windows\System32\sechost.dll
0x00007fff56300000 - 0x00007fff56422000 	C:\Windows\System32\RPCRT4.dll
0x00007fff564d0000 - 0x00007fff56667000 	C:\Windows\System32\USER32.dll
0x00007fff52c80000 - 0x00007fff52ca0000 	C:\Windows\System32\win32u.dll
0x00007fff55fc0000 - 0x00007fff55fe9000 	C:\Windows\System32\GDI32.dll
0x00007fff3f930000 - 0x00007fff3fba9000 	C:\Windows\WinSxS\amd64_microsoft.windows.common-controls_6595b64144ccf1df_6.0.17763.864_none_05b3441807210760\COMCTL32.dll
0x00007fff52ca0000 - 0x00007fff52e39000 	C:\Windows\System32\gdi32full.dll
0x00007fff553f0000 - 0x00007fff5571c000 	C:\Windows\System32\combase.dll
0x00007fff52be0000 - 0x00007fff52c80000 	C:\Windows\System32\msvcp_win.dll
0x00007fff52e90000 - 0x00007fff52f0e000 	C:\Windows\System32\bcryptPrimitives.dll
0x00007fff4c880000 - 0x00007fff4c88a000 	C:\Windows\SYSTEM32\VERSION.dll
0x00007fff53ab0000 - 0x00007fff53ade000 	C:\Windows\System32\IMM32.DLL
0x00007fff30290000 - 0x00007fff3033a000 	C:\Program Files\Java\jdk-12.0.2\bin\msvcp140.dll
0x00007fff131f0000 - 0x00007fff13d67000 	C:\Program Files\Java\jdk-12.0.2\bin\server\jvm.dll
0x00007fff56710000 - 0x00007fff56718000 	C:\Windows\System32\PSAPI.DLL
0x00007fff40ea0000 - 0x00007fff40ea9000 	C:\Windows\SYSTEM32\WSOCK32.dll
0x00007fff507f0000 - 0x00007fff50814000 	C:\Windows\SYSTEM32\WINMM.dll
0x00007fff55270000 - 0x00007fff552dd000 	C:\Windows\System32\WS2_32.dll
0x00007fff50460000 - 0x00007fff5048d000 	C:\Windows\SYSTEM32\winmmbase.dll
0x00007fff52e40000 - 0x00007fff52e8a000 	C:\Windows\System32\cfgmgr32.dll
0x00007fff52870000 - 0x00007fff52881000 	C:\Windows\System32\kernel.appcore.dll
0x00007fff3f6f0000 - 0x00007fff3f701000 	C:\Program Files\Java\jdk-12.0.2\bin\verify.dll
0x00007fff40a10000 - 0x00007fff40bfd000 	C:\Windows\SYSTEM32\DBGHELP.DLL
0x00007fff40880000 - 0x00007fff408aa000 	C:\Windows\SYSTEM32\dbgcore.DLL
0x00007fff3c350000 - 0x00007fff3c376000 	C:\Program Files\Java\jdk-12.0.2\bin\java.dll
0x00007fff48840000 - 0x00007fff4884e000 	C:\Program Files\Java\jdk-12.0.2\bin\instrument.dll
0x00007fff3d060000 - 0x00007fff3d077000 	C:\Program Files\Java\jdk-12.0.2\bin\zip.dll
0x00007fff49920000 - 0x00007fff4992a000 	C:\Program Files\Java\jdk-12.0.2\bin\jimage.dll
0x00007fff53d10000 - 0x00007fff55204000 	C:\Windows\System32\SHELL32.dll
0x00007fff552e0000 - 0x00007fff55388000 	C:\Windows\System32\shcore.dll
0x00007fff53350000 - 0x00007fff53a9d000 	C:\Windows\System32\windows.storage.dll
0x00007fff52910000 - 0x00007fff52934000 	C:\Windows\System32\profapi.dll
0x00007fff52890000 - 0x00007fff528ed000 	C:\Windows\System32\powrprof.dll
0x00007fff55d80000 - 0x00007fff55dd2000 	C:\Windows\System32\shlwapi.dll
0x00007fff53280000 - 0x00007fff53297000 	C:\Windows\System32\cryptsp.dll
0x00007fff3b8f0000 - 0x00007fff3b909000 	C:\Program Files\Java\jdk-12.0.2\bin\net.dll
0x00007fff4e340000 - 0x00007fff4e432000 	C:\Windows\SYSTEM32\WINHTTP.dll
0x00007fff492f0000 - 0x00007fff494c7000 	C:\Windows\SYSTEM32\urlmon.dll
0x00007fff45380000 - 0x00007fff45628000 	C:\Windows\SYSTEM32\iertutil.dll
0x00007fff522b0000 - 0x00007fff522bc000 	C:\Windows\SYSTEM32\CRYPTBASE.DLL
0x00007fff520e0000 - 0x00007fff52147000 	C:\Windows\system32\mswsock.dll
0x00007fff3b690000 - 0x00007fff3b6a3000 	C:\Program Files\Java\jdk-12.0.2\bin\nio.dll
0x00007fff30890000 - 0x00007fff308aa000 	C:\Program Files\JetBrains\IntelliJ IDEA 2019.2.4\bin\breakgen64.dll
0x00007fff51e40000 - 0x00007fff51f06000 	C:\Windows\SYSTEM32\DNSAPI.dll
0x00007fff55cf0000 - 0x00007fff55cf8000 	C:\Windows\System32\NSI.dll
0x00007fff51e00000 - 0x00007fff51e3d000 	C:\Windows\SYSTEM32\IPHLPAPI.DLL
0x00007fff49870000 - 0x00007fff4987a000 	C:\Windows\System32\rasadhlp.dll
0x00007fff49e30000 - 0x00007fff49ea9000 	C:\Windows\System32\fwpuclnt.dll
0x00007fff53250000 - 0x00007fff53276000 	C:\Windows\System32\bcrypt.dll
0x00007fff481e0000 - 0x00007fff481e9000 	C:\Program Files\Java\jdk-12.0.2\bin\management.dll
0x00007fff47640000 - 0x00007fff4764c000 	C:\Program Files\Java\jdk-12.0.2\bin\management_ext.dll
0x00007fff51c60000 - 0x00007fff51c93000 	C:\Windows\system32\rsaenh.dll
0x00007fff527a0000 - 0x00007fff527c8000 	C:\Windows\SYSTEM32\USERENV.dll
0x00007fff4adc0000 - 0x00007fff4add6000 	C:\Windows\SYSTEM32\dhcpcsvc6.DLL
0x00007fff4ada0000 - 0x00007fff4adbc000 	C:\Windows\SYSTEM32\dhcpcsvc.DLL
0x00007fff3a460000 - 0x00007fff3a476000 	C:\Windows\system32\napinsp.dll
0x00007fff38830000 - 0x00007fff3884a000 	C:\Windows\system32\pnrpnsp.dll
0x00007fff46f70000 - 0x00007fff46f7e000 	C:\Windows\System32\winrnr.dll
0x00007fff4f230000 - 0x00007fff4f24b000 	C:\Windows\system32\NLAapi.dll
0x00007fff3eb50000 - 0x00007fff3eb65000 	C:\Windows\system32\wshbth.dll

dbghelp: loaded successfully - version: 4.0.5 - missing functions: none
symbol engine: initialized successfully - sym options: 0x614 - pdb path: .;C:\Program Files\Java\jdk-12.0.2\bin;C:\Windows\SYSTEM32;C:\Windows\WinSxS\amd64_microsoft.windows.common-controls_6595b64144ccf1df_6.0.17763.864_none_05b3441807210760;C:\Program Files\Java\jdk-12.0.2\bin\server;C:\Program Files\JetBrains\IntelliJ IDEA 2019.2.4\bin

VM Arguments:
jvm_args: -XX:TieredStopAtLevel=1 -Xverify:none -Dspring.output.ansi.enabled=always -Dcom.sun.management.jmxremote -Dspring.jmx.enabled=true -Dspring.liveBeansView.mbeanDomain -Dspring.application.admin.enabled=true -javaagent:C:\Program Files\JetBrains\IntelliJ IDEA 2019.2.4\lib\idea_rt.jar=57674:C:\Program Files\JetBrains\IntelliJ IDEA 2019.2.4\bin -Dfile.encoding=UTF-8 
java_command: com.example.pet_shop.PetShopApplication
java_class_path (initial): D:\IdeaProjects\pet_shop\target\classes;C:\Users\User\.m2\repository\org\springframework\boot\spring-boot-starter-data-jpa\2.2.1.RELEASE\spring-boot-starter-data-jpa-2.2.1.RELEASE.jar;C:\Users\User\.m2\repository\org\springframework\boot\spring-boot-starter-aop\2.2.1.RELEASE\spring-boot-starter-aop-2.2.1.RELEASE.jar;C:\Users\User\.m2\repository\org\springframework\spring-aop\5.2.1.RELEASE\spring-aop-5.2.1.RELEASE.jar;C:\Users\User\.m2\repository\org\aspectj\aspectjweaver\1.9.4\aspectjweaver-1.9.4.jar;C:\Users\User\.m2\repository\org\springframework\boot\spring-boot-starter-jdbc\2.2.1.RELEASE\spring-boot-starter-jdbc-2.2.1.RELEASE.jar;C:\Users\User\.m2\repository\com\zaxxer\HikariCP\3.4.1\HikariCP-3.4.1.jar;C:\Users\User\.m2\repository\org\springframework\spring-jdbc\5.2.1.RELEASE\spring-jdbc-5.2.1.RELEASE.jar;C:\Users\User\.m2\repository\jakarta\activation\jakarta.activation-api\1.2.1\jakarta.activation-api-1.2.1.jar;C:\Users\User\.m2\repository\jakarta\persistence\jakarta.persistence-api\2.2.3\jakarta.persistence-api-2.2.3.jar;C:\Users\User\.m2\repository\jakarta\transaction\jakarta.transaction-api\1.3.3\jakarta.transaction-api-1.3.3.jar;C:\Users\User\.m2\repository\org\hibernate\hibernate-core\5.4.8.Final\hibernate-core-5.4.8.Final.jar;C:\Users\User\.m2\repository\org\jboss\logging\jboss-logging\3.4.1.Final\jboss-logging-3.4.1.Final.jar;C:\Users\User\.m2\repository\org\javassist\javassist\3.24.0-GA\javassist-3.24.0-GA.jar;C:\Users\User\.m2\repository\net\bytebuddy\byte-buddy\1.10.2\byte-buddy-1.10.2.jar;C:\Users\User\.m2\repository\antlr\antlr\2.7.7\antlr-2.7.7.jar;C:\Users\User\.m2\repository\org\jboss\jandex\2.0.5.Final\jandex-2.0.5.Final.jar;C:\Users\User\.m2\repository\com\fasterxml\classmate\1.5.1\classmate-1.5.1.jar;C:\Users\User\.m2\repository\org\dom4j\dom4j\2.1.1\dom4j-2.1.1.jar;C:\Users\User\.m2\repository\org\hibernate\common\hibernate-commons-annotations\5.1.0.Final\hibernate-commons-annotations-5.1.0.Final.jar;C:\Users\Use
Launcher Type: SUN_STANDARD

[Global flags]
     bool BytecodeVerificationLocal                = false                                     {product} {command line}
     bool BytecodeVerificationRemote               = false                                     {product} {command line}
     intx CICompilerCount                          = 4                                         {product} {ergonomic}
     uint ConcGCThreads                            = 3                                         {product} {ergonomic}
     uint G1ConcRefinementThreads                  = 10                                        {product} {ergonomic}
   size_t G1HeapRegionSize                         = 1048576                                   {product} {ergonomic}
    uintx GCDrainStackTargetSize                   = 64                                        {product} {ergonomic}
   size_t InitialHeapSize                          = 268435456                                 {product} {ergonomic}
     bool ManagementServer                         = true                                      {product} {command line}
   size_t MarkStackSize                            = 4194304                                   {product} {ergonomic}
   size_t MaxHeapSize                              = 4282384384                                {product} {ergonomic}
   size_t MaxNewSize                               = 2569011200                                {product} {ergonomic}
   size_t MinHeapDeltaBytes                        = 1048576                                   {product} {ergonomic}
    uintx NonNMethodCodeHeapSize                   = 7549744                                {pd product} {ergonomic}
    uintx NonProfiledCodeHeapSize                  = 244108496                              {pd product} {ergonomic}
    uintx ProfiledCodeHeapSize                     = 0                                      {pd product} {ergonomic}
    uintx ReservedCodeCacheSize                    = 251658240                              {pd product} {ergonomic}
     bool SegmentedCodeCache                       = true                                      {product} {ergonomic}
     intx TieredStopAtLevel                        = 1                                         {product} {command line}
     bool UseCompressedClassPointers               = true                                 {lp64_product} {ergonomic}
     bool UseCompressedOops                        = true                                 {lp64_product} {ergonomic}
     bool UseG1GC                                  = true                                      {product} {ergonomic}
     bool UseLargePagesIndividualAllocation        = false                                  {pd product} {ergonomic}

Logging:
Log output configuration:
 #0: stdout all=warning uptime,level,tags
 #1: stderr all=off uptime,level,tags

Environment Variables:
JAVA_HOME=C:\Program Files\Java\jdk-12.0.2
PATH=C:\Windows\system32;C:\Windows;C:\Windows\System32\Wbem;C:\Windows\System32\WindowsPowerShell\v1.0\;C:\Windows\System32\OpenSSH\;C:\Program Files\Git\cmd;C:\Program Files\nodejs\;C:\Program Files\PuTTY\;C:\Program Files\Java\jdk-12.0.2\bin;C:\Users\User\AppData\Local\Microsoft\WindowsApps;C:\Users\User\AppData\Roaming\npm;C:\Program Files\JetBrains\IntelliJ IDEA 2019.2.4\bin;
USERNAME=User
OS=Windows_NT
PROCESSOR_IDENTIFIER=AMD64 Family 23 Model 113 Stepping 0, AuthenticAMD



---------------  S Y S T E M  ---------------

OS: Windows 10 , 64 bit Build 17763 (10.0.17763.475)

CPU:total 12 (initial active 12) (12 cores per cpu, 2 threads per core) family 23 model 113 stepping 0, cmov, cx8, fxsr, mmx, sse, sse2, sse3, ssse3, sse4.1, sse4.2, popcnt, avx, avx2, aes, clmul, mmxext, 3dnowpref, lzcnt, sse4a, ht, tsc, tscinvbit, tscinv, bmi1, bmi2, adx, sha, fma

Memory: 4k page, system-wide physical 16332M (9128M free)
TotalPageFile size 18764M (AvailPageFile size 9085M)
current process WorkingSet (physical memory assigned to process): 182M, peak: 223M
current process commit charge ("private bytes"): 242M, peak: 378M

vm_info: Java HotSpot(TM) 64-Bit Server VM (12.0.2+10) for windows-amd64 JRE (12.0.2+10), built on Jul 16 2019 01:56:17 by "mach5one" with MS VC++ 15.5 (VS2017)

END.
